<?xml version="1.0" encoding="UTF-8"?>
<!-- Generated by org.testng.reporters.JUnitXMLReporter -->
<testsuite hostname="CSPC202" name="Default test" tests="21" failures="0" timestamp="26 Aug 2019 11:08:29 GMT" time="0.513" errors="0">
  <testcase name="@BeforeMethod setUp" time="0.0" classname="Tests.TestImportOrders">
    <failure type="org.testng.TestNGException" message="
Parameter &amp;apos;loginEmailValue&amp;apos; is required by @Configuration on method setUp but has not been marked @Optional or defined
in C:\Users\QA\AppData\Local\Temp\testng-eclipse-479785513\testng-customsuite.xml">
      <![CDATA[org.testng.TestNGException: 
Parameter 'loginEmailValue' is required by @Configuration on method setUp but has not been marked @Optional or defined
in C:\Users\QA\AppData\Local\Temp\testng-eclipse-479785513\testng-customsuite.xml
	at org.testng.internal.Parameters.createParameters(Parameters.java:156)
	at org.testng.internal.Parameters.createParameters(Parameters.java:370)
	at org.testng.internal.Parameters.createConfigurationParameters(Parameters.java:86)
	at org.testng.internal.Invoker.invokeConfigurations(Invoker.java:202)
	at org.testng.internal.Invoker.invokeMethod(Invoker.java:590)
	at org.testng.internal.Invoker.invokeTestMethod(Invoker.java:811)
	at org.testng.internal.Invoker.invokeTestMethods(Invoker.java:1137)
	at org.testng.internal.TestMethodWorker.invokeTestMethods(TestMethodWorker.java:129)
	at org.testng.internal.TestMethodWorker.run(TestMethodWorker.java:112)
	at org.testng.TestRunner.privateRun(TestRunner.java:753)
	at org.testng.TestRunner.run(TestRunner.java:607)
	at org.testng.SuiteRunner.runTest(SuiteRunner.java:368)
	at org.testng.SuiteRunner.runSequentially(SuiteRunner.java:363)
	at org.testng.SuiteRunner.privateRun(SuiteRunner.java:321)
	at org.testng.SuiteRunner.run(SuiteRunner.java:270)
	at org.testng.SuiteRunnerWorker.runSuite(SuiteRunnerWorker.java:52)
	at org.testng.SuiteRunnerWorker.run(SuiteRunnerWorker.java:86)
	at org.testng.TestNG.runSuitesSequentially(TestNG.java:1284)
	at org.testng.TestNG.runSuitesLocally(TestNG.java:1209)
	at org.testng.TestNG.runSuites(TestNG.java:1124)
	at org.testng.TestNG.run(TestNG.java:1096)
	at org.testng.remote.AbstractRemoteTestNG.run(AbstractRemoteTestNG.java:132)
	at org.testng.remote.RemoteTestNG.initAndRun(RemoteTestNG.java:236)
	at org.testng.remote.RemoteTestNG.main(RemoteTestNG.java:81)
]]>
    </failure>
  </testcase> <!-- @BeforeMethod setUp -->
  <testcase name="@AfterMethod tearDown" time="0.0" classname="Tests.TestImportOrders">
    <skipped/>
  </testcase> <!-- @AfterMethod tearDown -->
  <testcase name="@BeforeMethod setUp" time="0.0" classname="Tests.TestImportOrders">
    <skipped/>
  </testcase> <!-- @BeforeMethod setUp -->
  <testcase name="@AfterMethod tearDown" time="0.0" classname="Tests.TestImportOrders">
    <skipped/>
  </testcase> <!-- @AfterMethod tearDown -->
  <testcase name="@BeforeMethod setUp" time="0.0" classname="Tests.TestImportOrders">
    <skipped/>
  </testcase> <!-- @BeforeMethod setUp -->
  <testcase name="@AfterMethod tearDown" time="0.0" classname="Tests.TestImportOrders">
    <skipped/>
  </testcase> <!-- @AfterMethod tearDown -->
  <testcase name="@BeforeMethod setUp" time="0.0" classname="Tests.TestImportOrders">
    <skipped/>
  </testcase> <!-- @BeforeMethod setUp -->
  <testcase name="@AfterMethod tearDown" time="0.0" classname="Tests.TestImportOrders">
    <skipped/>
  </testcase> <!-- @AfterMethod tearDown -->
  <testcase name="@BeforeMethod setUp" time="0.0" classname="Tests.TestImportOrders">
    <skipped/>
  </testcase> <!-- @BeforeMethod setUp -->
  <testcase name="@AfterMethod tearDown" time="0.0" classname="Tests.TestImportOrders">
    <skipped/>
  </testcase> <!-- @AfterMethod tearDown -->
  <testcase name="@BeforeMethod setUp" time="0.0" classname="Tests.TestImportOrders">
    <skipped/>
  </testcase> <!-- @BeforeMethod setUp -->
  <testcase name="@AfterMethod tearDown" time="0.0" classname="Tests.TestImportOrders">
    <skipped/>
  </testcase> <!-- @AfterMethod tearDown -->
  <testcase name="@BeforeMethod setUp" time="0.0" classname="Tests.TestImportOrders">
    <skipped/>
  </testcase> <!-- @BeforeMethod setUp -->
  <testcase name="@AfterMethod tearDown" time="0.0" classname="Tests.TestImportOrders">
    <skipped/>
  </testcase> <!-- @AfterMethod tearDown -->
  <testcase name="@BeforeMethod setUp" time="0.0" classname="Tests.TestImportOrders">
    <skipped/>
  </testcase> <!-- @BeforeMethod setUp -->
  <testcase name="@AfterMethod tearDown" time="0.0" classname="Tests.TestImportOrders">
    <skipped/>
  </testcase> <!-- @AfterMethod tearDown -->
  <testcase name="@BeforeMethod setUp" time="0.0" classname="Tests.TestImportOrders">
    <skipped/>
  </testcase> <!-- @BeforeMethod setUp -->
  <testcase name="@AfterMethod tearDown" time="0.0" classname="Tests.TestImportOrders">
    <skipped/>
  </testcase> <!-- @AfterMethod tearDown -->
  <testcase name="@BeforeMethod setUp" time="0.0" classname="Tests.TestImportOrders">
    <skipped/>
  </testcase> <!-- @BeforeMethod setUp -->
  <testcase name="@AfterMethod tearDown" time="0.0" classname="Tests.TestImportOrders">
    <skipped/>
  </testcase> <!-- @AfterMethod tearDown -->
  <testcase name="@BeforeMethod setUp" time="0.0" classname="Tests.TestImportOrders">
    <skipped/>
  </testcase> <!-- @BeforeMethod setUp -->
  <testcase name="@AfterMethod tearDown" time="0.0" classname="Tests.TestImportOrders">
    <skipped/>
  </testcase> <!-- @AfterMethod tearDown -->
  <testcase name="@BeforeMethod setUp" time="0.0" classname="Tests.TestImportOrders">
    <skipped/>
  </testcase> <!-- @BeforeMethod setUp -->
  <testcase name="@AfterMethod tearDown" time="0.0" classname="Tests.TestImportOrders">
    <skipped/>
  </testcase> <!-- @AfterMethod tearDown -->
  <testcase name="@BeforeMethod setUp" time="0.0" classname="Tests.TestImportOrders">
    <skipped/>
  </testcase> <!-- @BeforeMethod setUp -->
  <testcase name="@AfterMethod tearDown" time="0.0" classname="Tests.TestImportOrders">
    <skipped/>
  </testcase> <!-- @AfterMethod tearDown -->
  <testcase name="@BeforeMethod setUp" time="0.0" classname="Tests.TestImportOrders">
    <skipped/>
  </testcase> <!-- @BeforeMethod setUp -->
  <testcase name="@AfterMethod tearDown" time="0.0" classname="Tests.TestImportOrders">
    <skipped/>
  </testcase> <!-- @AfterMethod tearDown -->
  <testcase name="@BeforeMethod setUp" time="0.0" classname="Tests.TestImportOrders">
    <skipped/>
  </testcase> <!-- @BeforeMethod setUp -->
  <testcase name="@AfterMethod tearDown" time="0.0" classname="Tests.TestImportOrders">
    <skipped/>
  </testcase> <!-- @AfterMethod tearDown -->
  <testcase name="@BeforeMethod setUp" time="0.0" classname="Tests.TestImportOrders">
    <skipped/>
  </testcase> <!-- @BeforeMethod setUp -->
  <testcase name="@AfterMethod tearDown" time="0.0" classname="Tests.TestImportOrders">
    <skipped/>
  </testcase> <!-- @AfterMethod tearDown -->
  <testcase name="@BeforeMethod setUp" time="0.0" classname="Tests.TestImportOrders">
    <skipped/>
  </testcase> <!-- @BeforeMethod setUp -->
  <testcase name="@AfterMethod tearDown" time="0.0" classname="Tests.TestImportOrders">
    <skipped/>
  </testcase> <!-- @AfterMethod tearDown -->
  <testcase name="@BeforeMethod setUp" time="0.0" classname="Tests.TestImportOrders">
    <skipped/>
  </testcase> <!-- @BeforeMethod setUp -->
  <testcase name="@AfterMethod tearDown" time="0.0" classname="Tests.TestImportOrders">
    <skipped/>
  </testcase> <!-- @AfterMethod tearDown -->
  <testcase name="@BeforeMethod setUp" time="0.0" classname="Tests.TestImportOrders">
    <skipped/>
  </testcase> <!-- @BeforeMethod setUp -->
  <testcase name="@AfterMethod tearDown" time="0.0" classname="Tests.TestImportOrders">
    <skipped/>
  </testcase> <!-- @AfterMethod tearDown -->
  <testcase name="@BeforeMethod setUp" time="0.0" classname="Tests.TestImportOrders">
    <skipped/>
  </testcase> <!-- @BeforeMethod setUp -->
  <testcase name="@AfterMethod tearDown" time="0.0" classname="Tests.TestImportOrders">
    <skipped/>
  </testcase> <!-- @AfterMethod tearDown -->
  <testcase name="@BeforeMethod setUp" time="0.0" classname="Tests.TestImportOrders">
    <skipped/>
  </testcase> <!-- @BeforeMethod setUp -->
  <testcase name="@AfterMethod tearDown" time="0.0" classname="Tests.TestImportOrders">
    <skipped/>
  </testcase> <!-- @AfterMethod tearDown -->
  <testcase name="orders" time="0.026" classname="Tests.TestImportOrders">
    <skipped/>
  </testcase> <!-- orders -->
  <testcase name="importOrders" time="0.002" classname="Tests.TestImportOrders">
    <skipped/>
  </testcase> <!-- importOrders -->
  <testcase name="chooseCSVFile" time="0.002" classname="Tests.TestImportOrders">
    <skipped/>
  </testcase> <!-- chooseCSVFile -->
  <testcase name="selectOrderDate" time="0.013" classname="Tests.TestImportOrders">
    <skipped/>
  </testcase> <!-- selectOrderDate -->
  <testcase name="selectOrderNumber" time="0.014" classname="Tests.TestImportOrders">
    <skipped/>
  </testcase> <!-- selectOrderNumber -->
  <testcase name="selectAttentionOf" time="0.001" classname="Tests.TestImportOrders">
    <skipped/>
  </testcase> <!-- selectAttentionOf -->
  <testcase name="selectCompany" time="0.002" classname="Tests.TestImportOrders">
    <skipped/>
  </testcase> <!-- selectCompany -->
  <testcase name="selectPhoneNumber" time="0.002" classname="Tests.TestImportOrders">
    <skipped/>
  </testcase> <!-- selectPhoneNumber -->
  <testcase name="selectEmail" time="0.009" classname="Tests.TestImportOrders">
    <skipped/>
  </testcase> <!-- selectEmail -->
  <testcase name="selectAddressLine1" time="0.002" classname="Tests.TestImportOrders">
    <skipped/>
  </testcase> <!-- selectAddressLine1 -->
  <testcase name="selectAddressLine2" time="0.007" classname="Tests.TestImportOrders">
    <skipped/>
  </testcase> <!-- selectAddressLine2 -->
  <testcase name="selectCity" time="0.005" classname="Tests.TestImportOrders">
    <skipped/>
  </testcase> <!-- selectCity -->
  <testcase name="selectProvince" time="0.009" classname="Tests.TestImportOrders">
    <skipped/>
  </testcase> <!-- selectProvince -->
  <testcase name="selectPostalCode" time="0.001" classname="Tests.TestImportOrders">
    <skipped/>
  </testcase> <!-- selectPostalCode -->
  <testcase name="selectCountryCode" time="0.001" classname="Tests.TestImportOrders">
    <skipped/>
  </testcase> <!-- selectCountryCode -->
  <testcase name="selectItemSKU" time="0.002" classname="Tests.TestImportOrders">
    <skipped/>
  </testcase> <!-- selectItemSKU -->
  <testcase name="selectItemQuantity" time="0.021" classname="Tests.TestImportOrders">
    <skipped/>
  </testcase> <!-- selectItemQuantity -->
  <testcase name="selectItemName" time="0.001" classname="Tests.TestImportOrders">
    <skipped/>
  </testcase> <!-- selectItemName -->
  <testcase name="mapperName" time="0.002" classname="Tests.TestImportOrders">
    <skipped/>
  </testcase> <!-- mapperName -->
  <testcase name="saveCSVMapper" time="0.001" classname="Tests.TestImportOrders">
    <skipped/>
  </testcase> <!-- saveCSVMapper -->
  <testcase name="importOrders2" time="0.001" classname="Tests.TestImportOrders">
    <skipped/>
  </testcase> <!-- importOrders2 -->
</testsuite> <!-- Default test -->
