<?xml version="1.0" encoding="UTF-8"?>
<!-- Generated by org.testng.reporters.JUnitXMLReporter -->
<testsuite hostname="CSPC202" name="Command line test" tests="27" failures="0" timestamp="27 Aug 2019 13:24:19 GMT" time="0.074" errors="0">
  <testcase name="@BeforeMethod setUp" time="0.0" classname="Tests.TestAddShipment">
    <failure type="org.testng.TestNGException" message="
Parameter &amp;apos;loginEmailValue&amp;apos; is required by @Configuration on method setUp but has not been marked @Optional or defined
">
      <![CDATA[org.testng.TestNGException: 
Parameter 'loginEmailValue' is required by @Configuration on method setUp but has not been marked @Optional or defined

	at Tests.testRunner.main(testRunner.java:17)
... Removed 21 stack frames]]>
    </failure>
  </testcase> <!-- @BeforeMethod setUp -->
  <testcase name="@AfterMethod tearDown" time="0.0" classname="Tests.TestAddShipment">
    <skipped/>
  </testcase> <!-- @AfterMethod tearDown -->
  <testcase name="@BeforeMethod setUp" time="0.0" classname="Tests.TestAddShipment">
    <skipped/>
  </testcase> <!-- @BeforeMethod setUp -->
  <testcase name="@AfterMethod tearDown" time="0.0" classname="Tests.TestAddShipment">
    <skipped/>
  </testcase> <!-- @AfterMethod tearDown -->
  <testcase name="@BeforeMethod setUp" time="0.0" classname="Tests.TestAddShipment">
    <skipped/>
  </testcase> <!-- @BeforeMethod setUp -->
  <testcase name="@AfterMethod tearDown" time="0.0" classname="Tests.TestAddShipment">
    <skipped/>
  </testcase> <!-- @AfterMethod tearDown -->
  <testcase name="@BeforeMethod setUp" time="0.0" classname="Tests.TestAddShipment">
    <skipped/>
  </testcase> <!-- @BeforeMethod setUp -->
  <testcase name="@AfterMethod tearDown" time="0.0" classname="Tests.TestAddShipment">
    <skipped/>
  </testcase> <!-- @AfterMethod tearDown -->
  <testcase name="@BeforeMethod setUp" time="0.0" classname="Tests.TestAddShipment">
    <skipped/>
  </testcase> <!-- @BeforeMethod setUp -->
  <testcase name="@AfterMethod tearDown" time="0.0" classname="Tests.TestAddShipment">
    <skipped/>
  </testcase> <!-- @AfterMethod tearDown -->
  <testcase name="@BeforeMethod setUp" time="0.0" classname="Tests.TestAddShipment">
    <skipped/>
  </testcase> <!-- @BeforeMethod setUp -->
  <testcase name="@AfterMethod tearDown" time="0.0" classname="Tests.TestAddShipment">
    <skipped/>
  </testcase> <!-- @AfterMethod tearDown -->
  <testcase name="@BeforeMethod setUp" time="0.0" classname="Tests.TestAddShipment">
    <skipped/>
  </testcase> <!-- @BeforeMethod setUp -->
  <testcase name="@AfterMethod tearDown" time="0.0" classname="Tests.TestAddShipment">
    <skipped/>
  </testcase> <!-- @AfterMethod tearDown -->
  <testcase name="@BeforeMethod setUp" time="0.0" classname="Tests.TestAddShipment">
    <skipped/>
  </testcase> <!-- @BeforeMethod setUp -->
  <testcase name="@AfterMethod tearDown" time="0.0" classname="Tests.TestAddShipment">
    <skipped/>
  </testcase> <!-- @AfterMethod tearDown -->
  <testcase name="@BeforeMethod setUp" time="0.0" classname="Tests.TestAddShipment">
    <skipped/>
  </testcase> <!-- @BeforeMethod setUp -->
  <testcase name="@AfterMethod tearDown" time="0.0" classname="Tests.TestAddShipment">
    <skipped/>
  </testcase> <!-- @AfterMethod tearDown -->
  <testcase name="@BeforeMethod setUp" time="0.0" classname="Tests.TestAddShipment">
    <skipped/>
  </testcase> <!-- @BeforeMethod setUp -->
  <testcase name="@AfterMethod tearDown" time="0.0" classname="Tests.TestAddShipment">
    <skipped/>
  </testcase> <!-- @AfterMethod tearDown -->
  <testcase name="@BeforeMethod setUp" time="0.0" classname="Tests.TestAddShipment">
    <skipped/>
  </testcase> <!-- @BeforeMethod setUp -->
  <testcase name="@AfterMethod tearDown" time="0.0" classname="Tests.TestAddShipment">
    <skipped/>
  </testcase> <!-- @AfterMethod tearDown -->
  <testcase name="@BeforeMethod setUp" time="0.0" classname="Tests.TestAddShipment">
    <skipped/>
  </testcase> <!-- @BeforeMethod setUp -->
  <testcase name="@AfterMethod tearDown" time="0.0" classname="Tests.TestAddShipment">
    <skipped/>
  </testcase> <!-- @AfterMethod tearDown -->
  <testcase name="@BeforeMethod setUp" time="0.0" classname="Tests.TestAddShipment">
    <skipped/>
  </testcase> <!-- @BeforeMethod setUp -->
  <testcase name="@AfterMethod tearDown" time="0.0" classname="Tests.TestAddShipment">
    <skipped/>
  </testcase> <!-- @AfterMethod tearDown -->
  <testcase name="@BeforeMethod setUp" time="0.0" classname="Tests.TestAddShipment">
    <skipped/>
  </testcase> <!-- @BeforeMethod setUp -->
  <testcase name="@AfterMethod tearDown" time="0.0" classname="Tests.TestAddShipment">
    <skipped/>
  </testcase> <!-- @AfterMethod tearDown -->
  <testcase name="@BeforeMethod setUp" time="0.0" classname="Tests.TestAddShipment">
    <skipped/>
  </testcase> <!-- @BeforeMethod setUp -->
  <testcase name="@AfterMethod tearDown" time="0.0" classname="Tests.TestAddShipment">
    <skipped/>
  </testcase> <!-- @AfterMethod tearDown -->
  <testcase name="@BeforeMethod setUp" time="0.0" classname="Tests.TestAddShipment">
    <skipped/>
  </testcase> <!-- @BeforeMethod setUp -->
  <testcase name="@AfterMethod tearDown" time="0.0" classname="Tests.TestAddShipment">
    <skipped/>
  </testcase> <!-- @AfterMethod tearDown -->
  <testcase name="@BeforeMethod setUp" time="0.0" classname="Tests.TestAddShipment">
    <skipped/>
  </testcase> <!-- @BeforeMethod setUp -->
  <testcase name="@AfterMethod tearDown" time="0.0" classname="Tests.TestAddShipment">
    <skipped/>
  </testcase> <!-- @AfterMethod tearDown -->
  <testcase name="@BeforeMethod setUp" time="0.0" classname="Tests.TestAddShipment">
    <skipped/>
  </testcase> <!-- @BeforeMethod setUp -->
  <testcase name="@AfterMethod tearDown" time="0.0" classname="Tests.TestAddShipment">
    <skipped/>
  </testcase> <!-- @AfterMethod tearDown -->
  <testcase name="@BeforeMethod setUp" time="0.0" classname="Tests.TestAddShipment">
    <skipped/>
  </testcase> <!-- @BeforeMethod setUp -->
  <testcase name="@AfterMethod tearDown" time="0.0" classname="Tests.TestAddShipment">
    <skipped/>
  </testcase> <!-- @AfterMethod tearDown -->
  <testcase name="@BeforeMethod setUp" time="0.0" classname="Tests.TestAddShipment">
    <skipped/>
  </testcase> <!-- @BeforeMethod setUp -->
  <testcase name="@AfterMethod tearDown" time="0.0" classname="Tests.TestAddShipment">
    <skipped/>
  </testcase> <!-- @AfterMethod tearDown -->
  <testcase name="@BeforeMethod setUp" time="0.0" classname="Tests.TestAddShipment">
    <skipped/>
  </testcase> <!-- @BeforeMethod setUp -->
  <testcase name="@AfterMethod tearDown" time="0.0" classname="Tests.TestAddShipment">
    <skipped/>
  </testcase> <!-- @AfterMethod tearDown -->
  <testcase name="@BeforeMethod setUp" time="0.0" classname="Tests.TestAddShipment">
    <skipped/>
  </testcase> <!-- @BeforeMethod setUp -->
  <testcase name="@AfterMethod tearDown" time="0.0" classname="Tests.TestAddShipment">
    <skipped/>
  </testcase> <!-- @AfterMethod tearDown -->
  <testcase name="@BeforeMethod setUp" time="0.0" classname="Tests.TestAddShipment">
    <skipped/>
  </testcase> <!-- @BeforeMethod setUp -->
  <testcase name="@AfterMethod tearDown" time="0.0" classname="Tests.TestAddShipment">
    <skipped/>
  </testcase> <!-- @AfterMethod tearDown -->
  <testcase name="@BeforeMethod setUp" time="0.0" classname="Tests.TestAddShipment">
    <skipped/>
  </testcase> <!-- @BeforeMethod setUp -->
  <testcase name="@AfterMethod tearDown" time="0.0" classname="Tests.TestAddShipment">
    <skipped/>
  </testcase> <!-- @AfterMethod tearDown -->
  <testcase name="@BeforeMethod setUp" time="0.0" classname="Tests.TestAddShipment">
    <skipped/>
  </testcase> <!-- @BeforeMethod setUp -->
  <testcase name="@AfterMethod tearDown" time="0.0" classname="Tests.TestAddShipment">
    <skipped/>
  </testcase> <!-- @AfterMethod tearDown -->
  <testcase name="@BeforeMethod setUp" time="0.0" classname="Tests.TestAddShipment">
    <skipped/>
  </testcase> <!-- @BeforeMethod setUp -->
  <testcase name="@AfterMethod tearDown" time="0.0" classname="Tests.TestAddShipment">
    <skipped/>
  </testcase> <!-- @AfterMethod tearDown -->
  <testcase name="@BeforeMethod setUp" time="0.0" classname="Tests.TestAddShipment">
    <skipped/>
  </testcase> <!-- @BeforeMethod setUp -->
  <testcase name="@AfterMethod tearDown" time="0.0" classname="Tests.TestAddShipment">
    <skipped/>
  </testcase> <!-- @AfterMethod tearDown -->
  <testcase name="testAddShipmentButtonIsDisplayedTC14" time="0.006" classname="Tests.TestAddShipment">
    <skipped/>
  </testcase> <!-- testAddShipmentButtonIsDisplayedTC14 -->
  <testcase name="testAddShipmentIconFunctionalTC15" time="0.001" classname="Tests.TestAddShipment">
    <skipped/>
  </testcase> <!-- testAddShipmentIconFunctionalTC15 -->
  <testcase name="testAddShipmentWithInvalidReferenceNoTC16" time="0.0" classname="Tests.TestAddShipment">
    <skipped/>
  </testcase> <!-- testAddShipmentWithInvalidReferenceNoTC16 -->
  <testcase name="testAddShipmentWithValidReferenceNoTC17" time="0.0" classname="Tests.TestAddShipment">
    <skipped/>
  </testcase> <!-- testAddShipmentWithValidReferenceNoTC17 -->
  <testcase name="blindShipIconDisplayedTC18" time="0.0" classname="Tests.TestAddShipment">
    <skipped/>
  </testcase> <!-- blindShipIconDisplayedTC18 -->
  <testcase name="testBlindShipIconFunctionalTC19" time="0.001" classname="Tests.TestAddShipment">
    <skipped/>
  </testcase> <!-- testBlindShipIconFunctionalTC19 -->
  <testcase name="testValidationOFPrintButtonWithoutDetailsTC20" time="0.0" classname="Tests.TestAddShipment">
    <skipped/>
  </testcase> <!-- testValidationOFPrintButtonWithoutDetailsTC20 -->
  <testcase name="testValidationOFSaveForLaterTC21" time="0.001" classname="Tests.TestAddShipment">
    <skipped/>
  </testcase> <!-- testValidationOFSaveForLaterTC21 -->
  <testcase name="testAddShipmentWithoutDetails" time="0.0" classname="Tests.TestAddShipment">
    <skipped/>
  </testcase> <!-- testAddShipmentWithoutDetails -->
  <testcase name="testWeightLimitByDefault" time="0.0" classname="Tests.TestAddShipment">
    <skipped/>
  </testcase> <!-- testWeightLimitByDefault -->
  <testcase name="testShippingRateCalIconDisplayedOnAddShipement" time="0.0" classname="Tests.TestAddShipment">
    <skipped/>
  </testcase> <!-- testShippingRateCalIconDisplayedOnAddShipement -->
  <testcase name="testRateCalWithoutWeightAndDimensions" time="0.0" classname="Tests.TestAddShipment">
    <skipped/>
  </testcase> <!-- testRateCalWithoutWeightAndDimensions -->
  <testcase name="testRateCalWithoutWeight" time="0.0" classname="Tests.TestAddShipment">
    <skipped/>
  </testcase> <!-- testRateCalWithoutWeight -->
  <testcase name="testRateCalWithoutSize" time="0.001" classname="Tests.TestAddShipment">
    <skipped/>
  </testcase> <!-- testRateCalWithoutSize -->
  <testcase name="testRateCalWithOverWeight" time="0.0" classname="Tests.TestAddShipment">
    <skipped/>
  </testcase> <!-- testRateCalWithOverWeight -->
  <testcase name="testAddShipmentWithoutState" time="0.001" classname="Tests.TestAddShipment">
    <skipped/>
  </testcase> <!-- testAddShipmentWithoutState -->
  <testcase name="testAddShipmentWithoutCity" time="0.0" classname="Tests.TestAddShipment">
    <skipped/>
  </testcase> <!-- testAddShipmentWithoutCity -->
  <testcase name="testAddShipmentWithoutZip" time="0.0" classname="Tests.TestAddShipment">
    <skipped/>
  </testcase> <!-- testAddShipmentWithoutZip -->
  <testcase name="testAddShipmentWithoutAddress" time="0.0" classname="Tests.TestAddShipment">
    <skipped/>
  </testcase> <!-- testAddShipmentWithoutAddress -->
  <testcase name="testUserIsAbleToAddRecipientInfoFromContacts" time="0.0" classname="Tests.TestAddShipment">
    <skipped/>
  </testcase> <!-- testUserIsAbleToAddRecipientInfoFromContacts -->
  <testcase name="testUserIsAbleToRemoveAddedRecipientInfo" time="0.0" classname="Tests.TestAddShipment">
    <skipped/>
  </testcase> <!-- testUserIsAbleToRemoveAddedRecipientInfo -->
  <testcase name="testRecipientInfoNotSavedWithoutName" time="0.0" classname="Tests.TestAddShipment">
    <skipped/>
  </testcase> <!-- testRecipientInfoNotSavedWithoutName -->
  <testcase name="testRateCalcWithoutSizeAndWeightDetails" time="0.0" classname="Tests.TestAddShipment">
    <skipped/>
  </testcase> <!-- testRateCalcWithoutSizeAndWeightDetails -->
  <testcase name="testValidAddShipment" time="0.0" classname="Tests.TestAddShipment">
    <skipped/>
  </testcase> <!-- testValidAddShipment -->
  <testcase name="testPrinterOptionsDisplayed" time="0.0" classname="Tests.TestAddShipment">
    <skipped/>
  </testcase> <!-- testPrinterOptionsDisplayed -->
  <testcase name="testPrinterOptionsFunctional" time="0.001" classname="Tests.TestAddShipment">
    <skipped/>
  </testcase> <!-- testPrinterOptionsFunctional -->
  <testcase name="testPrintetSetUPSaved" time="0.0" classname="Tests.TestAddShipment">
    <skipped/>
  </testcase> <!-- testPrintetSetUPSaved -->
</testsuite> <!-- Command line test -->
